Arguments: 
  /usr/local/bin/node /usr/local/bin/yarn add --dev stylelint style-lint-config-sass-guidelines stylelint-config-prettier stylelint-prettier prettier

PATH: 
  /Library/Frameworks/Python.framework/Versions/3.9/bin:/usr/local/bin:/usr/bin:/bin:/usr/sbin:/sbin:/usr/local/go/bin:/usr/local/share/dotnet:~/.dotnet/tools:/Library/Frameworks/Mono.framework/Versions/Current/Commands:/Library/Frameworks/Python.framework/Versions/3.9/bin:/Users/pacors/golang/bin:/Users/pacors/Library/Android/sdk/emulator:/Users/pacors/Library/Android/sdk/tools:/Users/pacors/Library/Android/sdk/tools/bin:/Users/pacors/Library/Android/sdk/platform-tools:/Users/pacors/golang/bin:/bin:/Users/pacors/Library/Android/sdk/emulator:/Users/pacors/Library/Android/sdk/tools:/Users/pacors/Library/Android/sdk/tools/bin:/Users/pacors/Library/Android/sdk/platform-tools

Yarn version: 
  1.22.10

Node version: 
  14.17.3

Platform: 
  darwin x64

Trace: 
  Error: https://registry.yarnpkg.com/style-lint-config-sass-guidelines: Not found
      at Request.params.callback [as _callback] (/usr/local/lib/node_modules/yarn/lib/cli.js:66988:18)
      at Request.self.callback (/usr/local/lib/node_modules/yarn/lib/cli.js:140662:22)
      at Request.emit (events.js:375:28)
      at Request.<anonymous> (/usr/local/lib/node_modules/yarn/lib/cli.js:141634:10)
      at Request.emit (events.js:375:28)
      at IncomingMessage.<anonymous> (/usr/local/lib/node_modules/yarn/lib/cli.js:141556:12)
      at Object.onceWrapper (events.js:481:28)
      at IncomingMessage.emit (events.js:387:35)
      at endReadableNT (internal/streams/readable.js:1317:12)
      at processTicksAndRejections (internal/process/task_queues.js:82:21)

npm manifest: 
  {
    "name": "scss",
    "version": "1.0.0",
    "main": "index.js",
    "author": "soyl3y3nd4",
    "license": "MIT",
    "dependencies": {
      "normalize.scss": "^0.1.0"
    }
  }

yarn manifest: 
  No manifest

Lockfile: 
  # THIS IS AN AUTOGENERATED FILE. DO NOT EDIT THIS FILE DIRECTLY.
  # yarn lockfile v1
  
  
  normalize.scss@^0.1.0:
    version "0.1.0"
    resolved "https://registry.yarnpkg.com/normalize.scss/-/normalize.scss-0.1.0.tgz#4a21dc25bd4c019c857785f829b658aba2a8f9ab"
    integrity sha512-jDWpqqw6CE+bO8PZhHkNxGsq4U9Qc9EnneJAfx7CD7TJU9MzRu8XvisybJDqLo0MOfAwR3GxOaECjJaFH2Pomw==
